2024-12-06 18:57:59,558 - pyswarms.single.global_best - INFO - Optimize for 100 iters with {'c1': 0.5, 'c2': 0.3, 'w': 0.9}
2024-12-06 18:57:59,691 - pyswarms.single.global_best - INFO - Optimization finished | best cost: 4.951611622590097, best pos: [ 0.77093118  0.61235085  0.59728387  0.4370919   0.40338751  0.45109745
 -0.22411848  0.14359192  0.36202087  0.53122087  0.52865066  0.55705578
  0.47178138  0.44663188  0.45155237  0.35865751  0.25039605  0.18002309
 -0.06686058 -0.02333325]
2024-12-06 18:57:59,695 - pyswarms.single.global_best - INFO - Optimize for 100 iters with {'c1': 0.5, 'c2': 0.3, 'w': 0.9}
2024-12-06 18:58:00,003 - pyswarms.single.global_best - INFO - Optimization finished | best cost: 4741.284647009528, best pos: [-119.18742062 -288.9883879    43.45716884   59.97842733 -139.47943875
   61.50272812 -320.20189817  364.06622795   73.57018584 -311.29122789
  -65.18091401 -298.87094407  412.18000151  383.63454476  121.20991707
  431.90543274  413.6625159   387.52427672  165.59338407  424.08609684]
2024-12-06 19:02:19,960 - pyswarms.single.global_best - INFO - Optimize for 50 iters with {'c1': 0.5, 'c2': 0.3, 'w': 0.9}
2024-12-06 19:02:20,019 - pyswarms.single.global_best - INFO - Optimization finished | best cost: 11.811098693776676, best pos: [ 1.34515334  0.59506249  0.16434272  0.20670328  0.25594611  0.36084015
  0.52579592 -0.40447895  0.23238833 -0.10649661  0.01920126  0.18993967
 -0.21987957 -0.22404281  0.33720426 -0.39380543  0.14749091  0.24478659
  0.32046598  0.4464264 ]
2024-12-06 19:02:20,022 - pyswarms.single.global_best - INFO - Optimize for 50 iters with {'c1': 0.5, 'c2': 0.3, 'w': 0.9}
2024-12-06 19:02:20,164 - pyswarms.single.global_best - INFO - Optimization finished | best cost: 5145.909892302658, best pos: [ 393.76912502  201.81933604 -306.86257349  -91.410104    425.57261059
  128.28854715 -295.55824794 -155.38680294   51.03514564 -100.76837582
 -358.75910692  135.93008596  446.65408588  423.96974546  199.820746
  379.66714136  -61.18728685 -288.19652118   58.49256053  429.87960458]
2024-12-06 19:02:33,140 - pyswarms.single.global_best - INFO - Optimize for 10 iters with {'c1': 0.5, 'c2': 0.3, 'w': 0.9}
2024-12-06 19:02:33,157 - pyswarms.single.global_best - INFO - Optimization finished | best cost: 19835.371863679444, best pos: [-0.10510139  1.35123322  2.18857952 -3.19836539  2.46762504 -1.70357282
 -0.41273005  0.0674289  -3.35987668  1.57576957 -2.63147188 -0.70029499
 -1.58860326  2.83206505  0.70428581 -0.28357949  0.90872836 -0.17210168
  1.60570941  3.14254333]
2024-12-06 19:02:33,160 - pyswarms.single.global_best - INFO - Optimize for 100 iters with {'c1': 0.5, 'c2': 0.3, 'w': 0.9}
2024-12-06 19:02:33,436 - pyswarms.single.global_best - INFO - Optimization finished | best cost: 4829.465411784116, best pos: [ 440.82490085  401.40269046  -46.08285007  243.91740163 -325.95137484
   41.49040748  423.15228829 -306.38241416 -319.16221129 -152.31066268
  170.58692233 -314.73789871 -311.68216079   66.71498726   78.66136947
   69.29565874 -119.44853959 -133.20612227  416.2413089  -132.63379015]
2024-12-06 19:02:50,134 - pyswarms.single.global_best - INFO - Optimize for 1 iters with {'c1': 0.5, 'c2': 0.3, 'w': 0.9}
2024-12-06 19:02:50,141 - pyswarms.single.global_best - INFO - Optimization finished | best cost: 496921.8108336641, best pos: [ 2.23203927  8.81689649  1.19930742 -1.73210654  6.22865447 -1.52011988
  3.71009586 -0.98928615 -0.70827667  4.81993374  3.49934943 -4.34308969
  9.23646867  3.05262172 -3.24122128 -1.63524962  1.50736293 -2.57930397
  0.88201674  4.46165378]
2024-12-06 19:02:50,144 - pyswarms.single.global_best - INFO - Optimize for 150 iters with {'c1': 0.5, 'c2': 0.3, 'w': 0.9}
2024-12-06 19:02:50,560 - pyswarms.single.global_best - INFO - Optimization finished | best cost: 3450.7248240382705, best pos: [ 425.73409414 -271.26436985 -309.30850756  434.94931015 -279.0239063
  402.62934886 -305.5174144   436.75866193   -5.75799227 -116.63554955
  -91.85131523   15.74138667  404.71698908  205.16919047  194.58567025
 -292.73176581   38.08597163  403.36213381  406.30350005  419.18102565]
2024-12-06 19:04:05,493 - pyswarms.single.global_best - INFO - Optimize for 1 iters with {'c1': 0.5, 'c2': 0.3, 'w': 0.9}
2024-12-06 19:04:05,498 - pyswarms.single.global_best - INFO - Optimization finished | best cost: 256510.07598708716, best pos: [ 1.10820755 -3.94913289 -5.14814928  6.16062727 -4.46219561 -3.74518799
 -4.72803898  1.21664858  6.70907539  5.66491803 -0.20001517 -3.2077175
  2.77325849  4.97162922  1.12007045 -4.44513456 -2.11118051  2.10904914
  3.48624261  4.93238462]
2024-12-06 19:04:05,502 - pyswarms.single.global_best - INFO - Optimize for 150 iters with {'c1': 0.5, 'c2': 0.3, 'w': 0.9}
2024-12-06 19:04:05,691 - pyswarms.single.global_best - INFO - Optimization finished | best cost: 4205.373038009875, best pos: [  52.08037079 -330.193773    406.69249524   59.56903403  -38.10715915
  212.37566011 -131.96962603  420.35362792 -305.35126299 -280.01486638
  421.70595463  182.87043201  213.36969297 -306.84101243 -121.624519
  222.71260666  192.41336158  417.4078439  -287.13939803  -22.65748035]
2024-12-06 19:04:13,599 - pyswarms.single.global_best - INFO - Optimize for 100 iters with {'c1': 0.5, 'c2': 0.3, 'w': 0.9}
2024-12-06 19:04:13,665 - pyswarms.single.global_best - INFO - Optimization finished | best cost: 4.217710284556693, best pos: [-0.06531524 -0.01679966  0.16454404  0.1475859   0.48207636  0.61805794
  0.58693727 -0.37140426  0.00796203 -0.04290596 -0.00621335  0.04601955
 -0.11357403  0.02332595  0.00759358  0.0258116   0.11097758  0.0729576
  0.12457323  0.23062468]
2024-12-06 19:04:13,668 - pyswarms.single.global_best - INFO - Optimize for 150 iters with {'c1': 0.5, 'c2': 0.3, 'w': 0.9}
2024-12-06 19:04:13,859 - pyswarms.single.global_best - INFO - Optimization finished | best cost: 3577.4163613029473, best pos: [-317.83858155  395.04821381   94.4211664   197.27747929 -292.62318675
 -115.39165271  427.80160323 -280.74982138  424.89932287 -302.91949424
 -311.30483728  426.80044128  205.95238746 -304.13111204 -319.4349152
   45.97559797  420.1793076    10.19556642 -292.54002486 -106.00730057]
2024-12-06 19:04:19,459 - pyswarms.single.global_best - INFO - Optimize for 100 iters with {'c1': 0.5, 'c2': 0.3, 'w': 0.9}
2024-12-06 19:04:19,524 - pyswarms.single.global_best - INFO - Optimization finished | best cost: 19.74178042458592, best pos: [-1.29466797 -0.23034565 -0.52195653  0.12084571  0.13073813  0.32125942
  0.66424462  0.7905707   0.67986017  0.43335851 -0.18679211 -0.09824698
  0.09674326  0.31019733  0.25980554  0.33463871  0.28019358  0.05728817
  0.30881162  0.27757995]
2024-12-06 19:04:19,527 - pyswarms.single.global_best - INFO - Optimize for 250 iters with {'c1': 0.5, 'c2': 0.3, 'w': 0.9}
2024-12-06 19:04:19,850 - pyswarms.single.global_best - INFO - Optimization finished | best cost: 5133.8015026395415, best pos: [ 228.24117034  187.87432605 -291.56892732  381.03804847  243.83384976
 -142.50000088 -319.78393118  422.86136378  194.17531563 -257.88327471
  435.58258195 -165.9340968    24.89353857 -102.51212921  178.31996053
  436.94144019  174.1945642   430.34292404  -64.86043156   52.9577776 ]
2024-12-06 19:04:31,087 - pyswarms.single.global_best - INFO - Optimize for 100 iters with {'c1': 0.5, 'c2': 0.3, 'w': 0.9}
2024-12-06 19:04:31,198 - pyswarms.single.global_best - INFO - Optimization finished | best cost: 6.622341915730577, best pos: [-0.71332143 -0.0905827   0.25548391  0.12432346  0.22826389 -0.23789614
  0.15129184  0.12870373  0.30787355  0.20584253  0.10809026  0.17760997
  0.10843646 -0.24816924 -0.05906608  0.08184247  0.01160117 -0.00418382
  0.09601815 -0.16972092]
2024-12-06 19:04:31,201 - pyswarms.single.global_best - INFO - Optimize for 250 iters with {'c1': 0.5, 'c2': 0.3, 'w': 0.9}
2024-12-06 19:04:31,894 - pyswarms.single.global_best - INFO - Optimization finished | best cost: 4153.834510065275, best pos: [ 430.24057724   14.58140744 -128.81623561  412.79031449  199.46517486
  408.20320235  -14.62074182 -315.79121033 -129.52928886  440.78173887
  -28.71842124  420.94955695   55.32219663  200.39240805  432.70253923
  220.308406   -137.99593254  196.5196285  -262.56174485 -318.74799745]
2024-12-06 19:04:34,108 - pyswarms.single.global_best - INFO - Optimize for 100 iters with {'c1': 0.5, 'c2': 0.3, 'w': 0.9}
2024-12-06 19:04:34,220 - pyswarms.single.global_best - INFO - Optimization finished | best cost: 3.4203870775709, best pos: [ 0.66918014 -0.43424105  0.06403096  0.15682712  0.12975551 -0.17035013
  0.1823579   0.38628929  0.44713617  0.49830439  0.4676828   0.33060959
 -0.29470835  0.07575356  0.21257335  0.33100098  0.39270721  0.42165449
  0.466222    0.46539399]
2024-12-06 19:04:34,224 - pyswarms.single.global_best - INFO - Optimize for 250 iters with {'c1': 0.5, 'c2': 0.3, 'w': 0.9}
2024-12-06 19:04:34,910 - pyswarms.single.global_best - INFO - Optimization finished | best cost: 3669.783560161742, best pos: [ -23.15514999  214.20071935 -284.07862603 -155.92447997  187.57806931
  424.48485076 -322.09466362 -130.12254401  417.99288341  445.07896613
  421.44499475  -40.13087722  417.8462144   426.52299603  153.080155
  185.71449527 -288.56481124 -334.11835085  407.21733748 -299.91226055]
2024-12-06 20:20:36,949 - pyswarms.single.global_best - INFO - Optimize for 200 iters with {'c1': 0.5, 'c2': 0.5, 'w': 0.7}
2024-12-06 20:20:37,262 - pyswarms.single.global_best - INFO - Optimization finished | best cost: 244.22247034476067, best pos: [ 1.28822806 -0.20271693 -0.34937024  0.2096805   0.99074853 -1.54476437
  0.61861271 -0.09142567  0.42783824  0.68668461 -0.84540424 -0.13031847
  0.69925661  0.79793983  0.67449655 -0.23836025  0.15128724  0.64255598
 -0.4322171   0.8663318 ]
2024-12-06 20:20:37,267 - pyswarms.single.global_best - INFO - Optimize for 250 iters with {'c1': 0.5, 'c2': 0.5, 'w': 0.9}
2024-12-06 20:20:38,085 - pyswarms.single.global_best - INFO - Optimization finished | best cost: 4528.0926894220265, best pos: [ 402.51011859 -293.60196221  183.09967872  433.53352367  122.88925864
  -37.28960054 -290.29396325  -14.78042181   49.75286229  431.06187048
 -282.31048052  228.74281782  189.05194398   77.55326392 -330.38617306
  -62.15499484  439.39524598 -297.99366188  414.86624122 -276.3836558 ]
2024-12-06 20:22:50,064 - pyswarms.single.global_best - INFO - Optimize for 200 iters with {'c1': 0.5, 'c2': 0.5, 'w': 0.7}
2024-12-06 20:22:50,310 - pyswarms.single.global_best - INFO - Optimization finished | best cost: 3.422511582378534, best pos: [ 1.38207222  0.92969044  0.67148788 -0.45128585 -0.01277883  0.06732216
  0.05772929 -0.1362893   0.13242502  0.30249386  0.34702684 -0.28248857
  0.05547544  0.10570511  0.13091581  0.04613546  0.18317463  0.30857779
  0.42052837  0.48550551]
2024-12-06 20:22:50,313 - pyswarms.single.global_best - INFO - Optimize for 250 iters with {'c1': 0.5, 'c2': 0.5, 'w': 0.9}
2024-12-06 20:22:51,081 - pyswarms.single.global_best - INFO - Optimization finished | best cost: 4931.057837450663, best pos: [  91.23625954 -300.69822163    0.79048688  -37.05657329 -274.92745181
 -313.66601839  444.26420887  405.27898319  406.3159299   159.65541765
   26.72377813  434.20457165 -307.73623205  -36.3527456    93.34338872
  407.56489369 -110.95348182 -316.67413872 -156.17071542 -112.68188821]
2024-12-06 20:23:11,967 - pyswarms.single.global_best - INFO - Optimize for 200 iters with {'c1': 0.5, 'c2': 0.5, 'w': 0.7}
2024-12-06 20:23:12,203 - pyswarms.single.global_best - INFO - Optimization finished | best cost: 6.323376114827034, best pos: [ 2.0464187   1.12365736  0.75229121  0.56477325 -0.45201551  0.09530308
  0.34027976  0.53943773  0.60524653  0.58018875 -0.46182683 -0.00523142
 -0.03253685  0.02966712 -0.01215971  0.01630797 -0.07671424  0.15438885
  0.30566926  0.38667197]
2024-12-06 20:23:12,207 - pyswarms.single.global_best - INFO - Optimize for 250 iters with {'c1': 0.5, 'c2': 0.5, 'w': 0.9}
2024-12-06 20:23:12,974 - pyswarms.single.global_best - INFO - Optimization finished | best cost: 4640.480343989154, best pos: [  15.81494218   54.51712577  418.794967     70.77782355  212.95477174
 -303.65349707  387.01881136   68.94409037  359.92782303  449.39923567
  404.93173832 -122.69798188  -38.90059924  423.85524431  193.2117805
  205.64150992  229.68405501  220.38979399 -125.79347237  392.89355523]
2024-12-06 20:23:35,407 - pyswarms.single.global_best - INFO - Optimize for 200 iters with {'c1': 0.5, 'c2': 0.5, 'w': 0.7}
2024-12-06 20:23:35,713 - pyswarms.single.global_best - INFO - Optimization finished | best cost: 38.59683462004134, best pos: [-0.1571964   0.18652006  0.70032701 -0.89384041 -0.0528867   0.59073549
  0.78362382  0.76860916 -0.72497365  0.05013665  0.17961856 -0.66668044
 -0.10407217  0.34646324  0.50563677 -0.50984904  0.09941934  0.27569968
  0.38024986  0.29495717]
2024-12-06 20:23:35,717 - pyswarms.single.global_best - INFO - Optimize for 250 iters with {'c1': 0.5, 'c2': 0.5, 'w': 0.9}
2024-12-06 20:23:36,554 - pyswarms.single.global_best - INFO - Optimization finished | best cost: 4447.420707979048, best pos: [ 6.61594143e+01 -3.17404549e+02  4.67730004e+02 -3.00696591e+02
  2.17839274e+02 -2.97265643e+02  3.97726871e+02  1.63052444e+02
  4.32882320e+02  4.13266735e+02  1.41723072e+02 -3.76941445e+01
  2.39728463e-01 -1.09353330e+02  2.33960304e+02  4.21308282e+02
  4.13956859e+02 -2.95095962e+02 -2.54554189e+02  1.95804946e+02]
2024-12-06 20:23:49,603 - pyswarms.single.global_best - INFO - Optimize for 200 iters with {'c1': 0.5, 'c2': 0.5, 'w': 0.7}
2024-12-06 20:23:49,839 - pyswarms.single.global_best - INFO - Optimization finished | best cost: 15.572897689759262, best pos: [ 2.72602334  1.41295005 -0.73619518  0.39140495  0.38622462  0.33473741
  0.55360301  0.57315732  0.56852274  0.49939347 -0.44423031  0.10642808
  0.44473048  0.2617421   0.29430398  0.28780329 -0.15655683  0.15291567
  0.29070483  0.37978813]
2024-12-06 20:23:49,842 - pyswarms.single.global_best - INFO - Optimize for 250 iters with {'c1': 0.5, 'c2': 0.5, 'w': 0.9}
2024-12-06 20:23:50,610 - pyswarms.single.global_best - INFO - Optimization finished | best cost: 5010.501544548504, best pos: [  45.13407417 -316.5896902  -134.03637814  433.00093902 -311.92568073
   12.38509587 -115.65488825   27.21497713 -288.98852796  416.5091246
  424.94946812  367.76027018 -155.50915043  -28.16395552  454.60346743
  -80.60522349  382.36222747 -317.34635851 -120.65448124   63.43574713]
2024-12-06 20:23:52,218 - pyswarms.single.global_best - INFO - Optimize for 200 iters with {'c1': 0.5, 'c2': 0.5, 'w': 0.7}
2024-12-06 20:23:52,465 - pyswarms.single.global_best - INFO - Optimization finished | best cost: 26.886255766720357, best pos: [ 4.56586280e+00 -1.31946529e+00 -4.86341943e-02  2.87129224e-02
  4.04061092e-01  5.00443092e-01  5.91451472e-02  3.99024176e-01
 -5.18247670e-01  6.51592018e-04  2.13324080e-01  4.08216308e-01
  5.03627160e-01  4.90981356e-01  3.73983219e-01  8.29080181e-02
  4.00548705e-01  5.45021659e-01  5.46557792e-01 -5.46957193e-01]
2024-12-06 20:23:52,470 - pyswarms.single.global_best - INFO - Optimize for 250 iters with {'c1': 0.5, 'c2': 0.5, 'w': 0.9}
2024-12-06 20:23:53,242 - pyswarms.single.global_best - INFO - Optimization finished | best cost: 4703.0371316735345, best pos: [ 398.94658981 -294.26934093 -108.22548488  204.27072444  437.00324443
 -291.69508266  -45.59977378  182.13918408 -229.21382909  447.57150557
 -288.47310013  193.25726672  444.9307142   178.44800175 -120.36964404
  178.9458835  -208.84124089 -131.20208875  400.96081963  454.90260946]
2024-12-06 20:23:54,408 - pyswarms.single.global_best - INFO - Optimize for 200 iters with {'c1': 0.5, 'c2': 0.5, 'w': 0.7}
2024-12-06 20:23:54,633 - pyswarms.single.global_best - INFO - Optimization finished | best cost: 8.195650526980197, best pos: [ 1.13615538  0.77595634  0.6019971   0.72312111  0.81004412  0.67490537
  0.68827619  0.62498513  0.48819236 -0.04846394  0.23207959  0.27574854
  0.40744959 -0.35926867 -0.05226397  0.01285264  0.30214283  0.46835276
  0.50283074  0.49693017]
2024-12-06 20:23:54,637 - pyswarms.single.global_best - INFO - Optimize for 250 iters with {'c1': 0.5, 'c2': 0.5, 'w': 0.9}
2024-12-06 20:23:55,350 - pyswarms.single.global_best - INFO - Optimization finished | best cost: 4889.111019066174, best pos: [ 395.02266362  -24.72599143  434.43323836   -8.40068005  403.96131649
  402.36366506  149.55681108  223.69522936 -288.11007956  118.1921185
 -279.75107593  -94.09062133   -5.32645359  407.31198979  -32.10093091
   -5.15256491  422.02482962  398.36981634  203.58694445 -110.47156083]
2024-12-06 20:23:57,051 - pyswarms.single.global_best - INFO - Optimize for 200 iters with {'c1': 0.5, 'c2': 0.5, 'w': 0.7}
2024-12-06 20:23:57,279 - pyswarms.single.global_best - INFO - Optimization finished | best cost: 101.24151715689165, best pos: [-0.8192449  -1.11469245  0.39817602 -0.44533123 -0.53069079  0.87358942
  0.72861722 -0.52236979 -0.33372478  0.06429578  0.20080657  0.76268143
 -0.44368751 -0.4849329   0.31748393  0.69114304 -0.78456142  0.06587377
 -0.22611037  0.00567889]
2024-12-06 20:23:57,283 - pyswarms.single.global_best - INFO - Optimize for 250 iters with {'c1': 0.5, 'c2': 0.5, 'w': 0.9}
2024-12-06 20:23:57,994 - pyswarms.single.global_best - INFO - Optimization finished | best cost: 5245.126570646172, best pos: [-485.41227359  149.13594438   58.72690392    0.83875767  390.52845597
  424.84527378  307.92309334 -105.89657129  201.67803225  401.97356469
 -303.52430177    6.11204223   63.72878122   57.05100193  397.98573005
   46.01439546  412.29080944  398.07637773 -137.75849578  405.27232925]
2024-12-06 20:24:00,410 - pyswarms.single.global_best - INFO - Optimize for 200 iters with {'c1': 0.5, 'c2': 0.5, 'w': 0.7}
2024-12-06 20:24:00,629 - pyswarms.single.global_best - INFO - Optimization finished | best cost: 24.09811619466499, best pos: [-2.14193504  0.47184864 -0.61441758  0.01780474  0.38660581 -0.0429841
  0.06443694  0.29401709  0.40237304  0.26579816  0.19782215 -0.43119629
  0.1484699  -0.2037213   0.00255143  0.12749175  0.21213834  0.21853138
  0.37906586  0.39517401]
2024-12-06 20:24:00,632 - pyswarms.single.global_best - INFO - Optimize for 250 iters with {'c1': 0.5, 'c2': 0.5, 'w': 0.9}
2024-12-06 20:24:01,325 - pyswarms.single.global_best - INFO - Optimization finished | best cost: 3880.6136907669684, best pos: [ -12.64753046  443.21884492  436.5431623  -262.02345837 -129.3347651
  438.71650384  199.13977002  434.07269657  -43.37413215  431.41341575
  177.15482004 -320.44130482  171.53482331  403.77179005  435.34487154
  188.4170199  -276.6078561   207.22873801 -270.87329365  224.59355229]
2024-12-06 20:24:03,179 - pyswarms.single.global_best - INFO - Optimize for 200 iters with {'c1': 0.5, 'c2': 0.5, 'w': 0.7}
2024-12-06 20:24:03,395 - pyswarms.single.global_best - INFO - Optimization finished | best cost: 15.578315623911369, best pos: [ 2.03335786 -1.15769241  0.20288999  0.44034432 -0.45285513  0.40998844
 -0.40886    -0.00726717  0.36998468  0.44486401 -0.43327295  0.00949867
  0.04556547 -0.04384108  0.12354658 -0.16533169  0.2646212   0.43638686
  0.56222204 -0.64004742]
2024-12-06 20:24:03,399 - pyswarms.single.global_best - INFO - Optimize for 250 iters with {'c1': 0.5, 'c2': 0.5, 'w': 0.9}
2024-12-06 20:24:04,108 - pyswarms.single.global_best - INFO - Optimization finished | best cost: 4444.181834261524, best pos: [ 432.71063446   18.73258319  -87.62081673  195.42927075  423.93354126
  201.57223491  427.14962728  241.47339764   53.78134295   46.84827726
 -284.57512245  -92.28916898 -308.56327685 -117.06653677 -308.06312422
 -285.848391    420.88721148  191.03275798  209.05079132 -273.00218767]
2024-12-06 20:24:10,970 - pyswarms.single.global_best - INFO - Optimize for 200 iters with {'c1': 0.5, 'c2': 0.5, 'w': 0.7}
2024-12-06 20:24:11,188 - pyswarms.single.global_best - INFO - Optimization finished | best cost: 68.5990045108965, best pos: [-3.28146002e+00  3.52846749e-01  7.77724681e-02  6.66952488e-05
  6.12060237e-01  6.89827059e-01  7.64719290e-01  7.43010153e-01
 -7.41973903e-01  1.37551985e-01 -6.57710752e-01  2.78931870e-01
 -2.46603129e-01  3.89048295e-01  5.76799318e-01  5.34519674e-01
  5.48650944e-01 -4.29583237e-01  2.48245282e-01  5.37493728e-01]
2024-12-06 20:24:11,192 - pyswarms.single.global_best - INFO - Optimize for 250 iters with {'c1': 0.5, 'c2': 0.5, 'w': 0.9}
2024-12-06 20:24:11,887 - pyswarms.single.global_best - INFO - Optimization finished | best cost: 4945.257833827219, best pos: [ 194.90639228  434.69869859  430.51028857   95.155988   -242.13608706
  -18.66382287  174.84880097   80.50548288  382.22200353  187.50168059
  -77.68682073 -271.99648594  429.91990086  216.38815784 -484.36218166
    9.06041677  418.57458586  406.42879233  188.80978606 -326.59088437]
2024-12-06 20:24:21,358 - pyswarms.single.global_best - INFO - Optimize for 200 iters with {'c1': 0.5, 'c2': 0.5, 'w': 0.7}
2024-12-06 20:24:21,577 - pyswarms.single.global_best - INFO - Optimization finished | best cost: 8.158248281023335, best pos: [ 1.057551    0.63472644  0.69521031 -0.56578659  0.11821174  0.29283238
  0.44099347 -0.18184289  0.13936633  0.43610301  0.59955705  0.57736202
  0.57629643  0.55586059  0.36308845  0.09974075 -0.06272444  0.13225635
  0.2990697   0.45163884]
2024-12-06 20:24:21,581 - pyswarms.single.global_best - INFO - Optimize for 250 iters with {'c1': 0.5, 'c2': 0.5, 'w': 0.9}
2024-12-06 20:24:22,276 - pyswarms.single.global_best - INFO - Optimization finished | best cost: 4356.226685928446, best pos: [  25.30199347  190.40460532 -313.97213707   82.36294064 -316.15420802
  446.85195945  418.85525937  448.27308188  -48.33165084   69.38597876
 -325.1560557  -304.6811726    39.39391874 -309.47876105  411.24363874
  183.44626794  387.16298673 -134.05459665 -270.46983738 -277.58969426]
2024-12-06 20:24:25,338 - pyswarms.single.global_best - INFO - Optimize for 200 iters with {'c1': 0.5, 'c2': 0.5, 'w': 0.7}
2024-12-06 20:24:25,550 - pyswarms.single.global_best - INFO - Optimization finished | best cost: 2.2519388110740493, best pos: [ 1.1283733  -0.50541892  0.02753165  0.16989955  0.22258443  0.25258176
  0.28452754  0.34497779  0.32089235 -0.15530751  0.0281233   0.07301928
  0.04312263  0.01498508  0.02445317 -0.04460495  0.00419084  0.01868751
 -0.01803136 -0.01403479]
2024-12-06 20:24:25,553 - pyswarms.single.global_best - INFO - Optimize for 250 iters with {'c1': 0.5, 'c2': 0.5, 'w': 0.9}
2024-12-06 20:24:26,239 - pyswarms.single.global_best - INFO - Optimization finished | best cost: 4539.678745051092, best pos: [  81.04278698 -286.293447   -202.18465558 -307.17738008   50.22799682
 -301.43315104  409.53877603  -73.37753255  432.12235761 -346.01281968
  409.87089239  397.46691516 -113.12578607  406.91587091  -26.17206777
 -119.64998642  421.3280504   447.67196938 -106.72076777  237.72594672]
2024-12-06 20:24:28,323 - pyswarms.single.global_best - INFO - Optimize for 200 iters with {'c1': 0.5, 'c2': 0.5, 'w': 0.7}
2024-12-06 20:24:28,538 - pyswarms.single.global_best - INFO - Optimization finished | best cost: 57.46112902579673, best pos: [ 4.98674621  0.58947574  0.62370579  0.71396471  0.86815505  0.88633213
 -0.71596737  0.1894429  -0.53905079  0.2384195  -0.03067539 -0.05913018
  0.04902065  0.39258298  0.50649465  0.5731892   0.55826132  0.54151064
 -0.16221471  0.26152741]
2024-12-06 20:24:28,541 - pyswarms.single.global_best - INFO - Optimize for 250 iters with {'c1': 0.5, 'c2': 0.5, 'w': 0.9}
2024-12-06 20:24:29,264 - pyswarms.single.global_best - INFO - Optimization finished | best cost: 4632.980906145453, best pos: [-293.63734344  112.18581408 -292.94866413 -310.80325    -290.62784199
  220.80025385  459.31342907  455.85827306  403.69808431  210.77767664
 -288.29371925 -139.64245843 -103.49302491  384.56346639  433.72575524
 -109.83543316  164.08926292  198.02762054 -106.26970637  -56.28908871]
2024-12-06 20:24:31,591 - pyswarms.single.global_best - INFO - Optimize for 200 iters with {'c1': 0.5, 'c2': 0.5, 'w': 0.7}
2024-12-06 20:24:31,806 - pyswarms.single.global_best - INFO - Optimization finished | best cost: 69.30309650145934, best pos: [ 1.53802642 -0.94435348 -0.21502277  0.95673818 -0.75653433  0.04752993
  0.5897262   0.76786548 -0.72248074  0.47128561 -0.54998469  0.3928814
  0.72497856 -0.73656661  0.06534588  0.60807875  0.50888456  0.44636762
  0.14703448 -0.3785381 ]
2024-12-06 20:24:31,809 - pyswarms.single.global_best - INFO - Optimize for 250 iters with {'c1': 0.5, 'c2': 0.5, 'w': 0.9}
2024-12-06 20:24:32,499 - pyswarms.single.global_best - INFO - Optimization finished | best cost: 4580.432072996856, best pos: [-328.32461025  -18.72866231  155.71565033  205.41081201   89.93210738
  200.78498634  199.54231398 -134.46441754  -39.91424009  401.59404791
 -323.57079689  422.96511688  193.24123619 -293.82327918 -135.36099831
   71.41620869  409.16406691  248.50026386  417.66021507  428.01931523]
2024-12-06 20:24:34,569 - pyswarms.single.global_best - INFO - Optimize for 200 iters with {'c1': 0.5, 'c2': 0.5, 'w': 0.7}
2024-12-06 20:24:34,792 - pyswarms.single.global_best - INFO - Optimization finished | best cost: 4.527623590981965, best pos: [ 0.76771712  0.39464295 -0.20598204  0.32289399  0.33399097 -0.26370147
  0.00970361  0.10514536 -0.09368789  0.10612993  0.26683154  0.38445662
  0.40534272 -0.34311922 -0.02162884  0.01301696 -0.03365216 -0.09529631
  0.18800378  0.35664936]
2024-12-06 20:24:34,796 - pyswarms.single.global_best - INFO - Optimize for 250 iters with {'c1': 0.5, 'c2': 0.5, 'w': 0.9}
2024-12-06 20:24:35,507 - pyswarms.single.global_best - INFO - Optimization finished | best cost: 4734.813397480162, best pos: [ 431.48264369 -327.48574398  -49.08781841  390.09838898  164.31654092
 -313.1665483    12.75768868  242.12664526 -300.8621769   422.41150661
  412.41041332 -147.45460622 -132.09751736  415.52433996    1.05999648
   47.37144638 -380.57716239  429.90896255 -277.82637529 -285.30674798]
2024-12-06 20:24:40,087 - pyswarms.single.global_best - INFO - Optimize for 200 iters with {'c1': 0.5, 'c2': 0.5, 'w': 0.7}
2024-12-06 20:24:40,304 - pyswarms.single.global_best - INFO - Optimization finished | best cost: 15.939283699960018, best pos: [ 4.66020811  1.54324547  0.89727854  0.66452389  0.53554476 -0.4032284
  0.03557852  0.21073905  0.26812426  0.28464168  0.29573318 -0.16574598
 -0.01278929  0.0291655  -0.00544304  0.01622451  0.0343008   0.14839423
  0.29370378 -0.39184329]
2024-12-06 20:24:40,306 - pyswarms.single.global_best - INFO - Optimize for 250 iters with {'c1': 0.5, 'c2': 0.5, 'w': 0.9}
2024-12-06 20:24:40,997 - pyswarms.single.global_best - INFO - Optimization finished | best cost: 4191.061002264519, best pos: [-319.3797672  -302.43615749  210.12194757 -287.36702683  212.1078712
 -111.56851455  409.50560212 -108.39872359 -300.90676419  197.96397921
 -340.4113419    63.35421451 -122.66242312  184.54454447   72.12594936
 -300.19306555 -307.66135672 -306.35848432 -279.56812938  380.7744672 ]
2024-12-06 20:24:43,875 - pyswarms.single.global_best - INFO - Optimize for 200 iters with {'c1': 0.5, 'c2': 0.5, 'w': 0.7}
2024-12-06 20:24:44,097 - pyswarms.single.global_best - INFO - Optimization finished | best cost: 12.486909667291219, best pos: [ 1.33611269  0.57822593  0.39761063  0.20404404 -0.37153315  0.12121402
  0.45812267 -0.37413443  0.34248017  0.47772922  0.4286543  -0.12395392
  0.24848567  0.45888839  0.53982498 -0.38541064  0.01806976  0.1579919
  0.28185062  0.4564609 ]
2024-12-06 20:24:44,101 - pyswarms.single.global_best - INFO - Optimize for 250 iters with {'c1': 0.5, 'c2': 0.5, 'w': 0.9}
2024-12-06 20:24:44,822 - pyswarms.single.global_best - INFO - Optimization finished | best cost: 4733.809989883236, best pos: [-109.82578659  162.5386932   145.35191998 -280.99903583   65.32104326
 -298.03790077  199.4224853  -129.44987877  455.87101412 -300.30953904
  416.0477468   406.66634621  -86.85261437 -320.45625342  -47.74738149
  112.378274    375.82828446  388.24254758 -306.87499465  427.90983238]
2024-12-06 20:24:46,986 - pyswarms.single.global_best - INFO - Optimize for 200 iters with {'c1': 0.5, 'c2': 0.5, 'w': 0.7}
2024-12-06 20:24:47,233 - pyswarms.single.global_best - INFO - Optimization finished | best cost: 64.04909989531447, best pos: [-4.52541098 -0.14710383  0.4389896  -0.56354407  0.08408232  0.59791291
  0.64560419  0.63091723  0.69961937  0.74232354  0.66701468  0.6887897
  0.59654987  0.53699663  0.44882567  0.06557143  0.27062553  0.16289962
  0.19350238  0.41247074]
2024-12-06 20:24:47,237 - pyswarms.single.global_best - INFO - Optimize for 250 iters with {'c1': 0.5, 'c2': 0.5, 'w': 0.9}
2024-12-06 20:24:47,930 - pyswarms.single.global_best - INFO - Optimization finished | best cost: 4476.461610367758, best pos: [-121.13046065  205.44724626  422.41423169  144.15008895  410.52708431
  396.48166711  165.21980692 -317.268423   -336.72840563  169.45471067
 -312.5429353  -290.1669017    44.86224667 -134.6741701  -132.82413828
  398.08637738   53.88845441  415.90208937   68.20863597 -286.6310269 ]
2024-12-06 20:24:49,823 - pyswarms.single.global_best - INFO - Optimize for 200 iters with {'c1': 0.5, 'c2': 0.5, 'w': 0.7}
2024-12-06 20:24:50,042 - pyswarms.single.global_best - INFO - Optimization finished | best cost: 12.604420420406122, best pos: [ 3.04919404 -1.11831091  0.36907078  0.60039488  0.51432572  0.50903399
  0.53960301  0.4913912  -0.13182554  0.16792853  0.2076614  -0.13963128
  0.08877063  0.03409944  0.16758231  0.09051159  0.17398642 -0.12256886
  0.06672049 -0.14979649]
2024-12-06 20:24:50,045 - pyswarms.single.global_best - INFO - Optimize for 250 iters with {'c1': 0.5, 'c2': 0.5, 'w': 0.9}
2024-12-06 20:24:50,737 - pyswarms.single.global_best - INFO - Optimization finished | best cost: 4723.76209303905, best pos: [-113.00408867 -288.75408377  199.41081175  389.58013806 -250.88213496
  396.93017281  -39.63210794  453.24801488  419.99140506 -113.07458328
 -358.75276055  230.33191384 -268.89750721  -65.72183277 -313.03366322
 -284.8701461  -263.85082127 -133.43743427  414.68976379  204.40969521]
2024-12-06 20:24:51,740 - pyswarms.single.global_best - INFO - Optimize for 200 iters with {'c1': 0.5, 'c2': 0.5, 'w': 0.7}
2024-12-06 20:24:51,953 - pyswarms.single.global_best - INFO - Optimization finished | best cost: 61.49567931162788, best pos: [ 1.98116444 -1.04561946  0.69960844  0.79601731  0.84448555  0.43124073
 -0.28993736  0.1265312   0.64932322 -0.07366031  0.40683156 -0.18960267
  0.49888149 -0.55593952  0.27371838 -0.72030035  0.00383966  0.55633182
  0.59185025  0.58179345]
2024-12-06 20:24:51,957 - pyswarms.single.global_best - INFO - Optimize for 250 iters with {'c1': 0.5, 'c2': 0.5, 'w': 0.9}
2024-12-06 20:24:52,640 - pyswarms.single.global_best - INFO - Optimization finished | best cost: 4379.339271860163, best pos: [-125.1221156   -96.34736995 -278.35695288  146.92941155 -306.603431
 -314.49746609   91.01920317  401.89506982  409.88173018  188.5211864
  187.00003781 -290.74900511  201.65697048 -310.9824973   175.04090122
  439.63225502  -86.07614626 -313.89933085 -297.23414745  193.16544604]
2024-12-06 20:24:53,432 - pyswarms.single.global_best - INFO - Optimize for 200 iters with {'c1': 0.5, 'c2': 0.5, 'w': 0.7}
2024-12-06 20:24:53,648 - pyswarms.single.global_best - INFO - Optimization finished | best cost: 16.414350995262883, best pos: [-1.38253713 -0.33390732  0.3059878   0.59206709  0.18888214 -0.37294686
 -0.2155851  -0.10254202 -0.01613924  0.16811037  0.32473095 -0.31712268
  0.01266753  0.26324697  0.27043533  0.26990592  0.03508262 -0.22124593
 -0.02056875 -0.14266114]
2024-12-06 20:24:53,652 - pyswarms.single.global_best - INFO - Optimize for 250 iters with {'c1': 0.5, 'c2': 0.5, 'w': 0.9}
2024-12-06 20:24:54,337 - pyswarms.single.global_best - INFO - Optimization finished | best cost: 4637.391123558902, best pos: [-110.2358782  -308.39334463  410.97466652  -95.88421141  409.43374291
 -317.03947741  206.53340053  428.75058432 -323.49445977  121.57881115
 -115.40922164   86.49847149  404.37306334 -106.97818958  392.20781276
 -318.64383505 -141.4641418  -120.25830589 -116.65898582  -23.01312288]
2024-12-06 20:24:55,078 - pyswarms.single.global_best - INFO - Optimize for 200 iters with {'c1': 0.5, 'c2': 0.5, 'w': 0.7}
2024-12-06 20:24:55,298 - pyswarms.single.global_best - INFO - Optimization finished | best cost: 14.516222001964286, best pos: [ 3.35627082 -1.26502215  0.06953993 -0.22495798 -0.08486884  0.27297951
 -0.36401885 -0.06660364  0.15862074 -0.19223184  0.03088489  0.18795655
  0.29288754  0.25463523  0.38193944  0.50335807  0.47217867  0.26153261
  0.10461117 -0.27504952]
2024-12-06 20:24:55,302 - pyswarms.single.global_best - INFO - Optimize for 250 iters with {'c1': 0.5, 'c2': 0.5, 'w': 0.9}
2024-12-06 20:24:56,053 - pyswarms.single.global_best - INFO - Optimization finished | best cost: 4401.769920081184, best pos: [-320.85944926 -313.01141389  393.99720976 -314.26492584   54.03688324
   44.9280144    46.16455015 -336.61276614  410.94096702  418.39718058
  389.01567614 -296.61889359   29.03036944  225.85564657 -148.18177887
  210.15767199 -135.12446334 -320.36936551 -108.61467245  445.31878087]
2024-12-06 20:24:56,807 - pyswarms.single.global_best - INFO - Optimize for 200 iters with {'c1': 0.5, 'c2': 0.5, 'w': 0.7}
2024-12-06 20:24:57,024 - pyswarms.single.global_best - INFO - Optimization finished | best cost: 9.70715610663332, best pos: [ 2.23949679  0.99326229 -0.73402249  0.34314942 -0.48155321  0.02273115
 -0.34160798  0.06569782  0.23305923 -0.19262324  0.17368543 -0.26922176
  0.0518591   0.27601691  0.40876738  0.34507374  0.30300842  0.34509161
  0.39789199  0.43780397]
2024-12-06 20:24:57,028 - pyswarms.single.global_best - INFO - Optimize for 250 iters with {'c1': 0.5, 'c2': 0.5, 'w': 0.9}
2024-12-06 20:24:57,746 - pyswarms.single.global_best - INFO - Optimization finished | best cost: 5326.510615718039, best pos: [ -29.79447398  118.71299603  444.87741601  435.81433661   -0.69399703
  445.49485968   -4.0851511   184.5713719   417.41235517 -157.38089456
   10.56740329 -100.32854661   64.26297634  431.86136892  165.68276897
  425.26856285 -292.71758747  400.40252638  133.76722673  247.92072176]
2024-12-06 20:24:58,881 - pyswarms.single.global_best - INFO - Optimize for 200 iters with {'c1': 0.5, 'c2': 0.5, 'w': 0.7}
2024-12-06 20:24:59,099 - pyswarms.single.global_best - INFO - Optimization finished | best cost: 29.282220103716153, best pos: [ 0.34707403 -0.23805993 -0.04489645 -0.23383144  0.36832999  0.85053115
 -0.28678384  0.48732401  0.57014743  0.37290232  0.51295244 -0.34780879
 -0.0453558  -0.38192399 -0.10599158  0.23037018  0.44615664  0.40208572
 -0.39270571  0.29391782]
2024-12-06 20:24:59,103 - pyswarms.single.global_best - INFO - Optimize for 250 iters with {'c1': 0.5, 'c2': 0.5, 'w': 0.9}
2024-12-06 20:24:59,802 - pyswarms.single.global_best - INFO - Optimization finished | best cost: 3675.0921203459593, best pos: [-273.78977183  191.91141315  193.40184216  418.89420387 -291.80632287
 -289.78572973  192.77770638 -288.33593251  207.15829113  -75.10031013
  -29.19892328  446.08853167  422.62037299  412.23637052  200.12424321
 -125.68483318 -123.11702682  413.32242311 -109.99938374  419.25092177]
2024-12-06 20:25:00,662 - pyswarms.single.global_best - INFO - Optimize for 200 iters with {'c1': 0.5, 'c2': 0.5, 'w': 0.7}
2024-12-06 20:25:00,883 - pyswarms.single.global_best - INFO - Optimization finished | best cost: 5.04265219837991, best pos: [ 1.29876205 -0.81281843  0.22227432 -0.42683831  0.11687769 -0.00539505
 -0.08969984  0.18937478  0.19371582  0.26004257 -0.2404322   0.08119874
 -0.18761566 -0.02557153  0.11324483  0.12668827 -0.08161456  0.12706753
  0.30208207 -0.40786457]
2024-12-06 20:25:00,886 - pyswarms.single.global_best - INFO - Optimize for 250 iters with {'c1': 0.5, 'c2': 0.5, 'w': 0.9}
2024-12-06 20:25:01,576 - pyswarms.single.global_best - INFO - Optimization finished | best cost: 4580.149595404629, best pos: [ 101.86402893  421.8566414   394.30450557  428.02842394  454.05036921
  -43.67137634  393.02657084 -135.43899536 -313.47458905 -132.57273008
  419.14904082  -93.90876287  214.13543927  476.01563498 -158.02063707
  192.94862428  365.90796345  174.04435954  434.53117603  177.70158097]
2024-12-06 20:25:04,575 - pyswarms.single.global_best - INFO - Optimize for 200 iters with {'c1': 0.5, 'c2': 0.5, 'w': 0.7}
2024-12-06 20:25:04,789 - pyswarms.single.global_best - INFO - Optimization finished | best cost: 9.590595168329548, best pos: [ 0.42259966 -0.81262545  0.13159922  0.32181975 -0.32835456 -0.04746045
  0.28653789  0.46424859  0.54686122  0.45015909 -0.08463333 -0.24421873
  0.04091305  0.04393445  0.08205972  0.06666543  0.03868354  0.35458618
  0.55904619  0.5855504 ]
2024-12-06 20:25:04,792 - pyswarms.single.global_best - INFO - Optimize for 250 iters with {'c1': 0.5, 'c2': 0.5, 'w': 0.9}
2024-12-06 20:25:05,507 - pyswarms.single.global_best - INFO - Optimization finished | best cost: 4534.581670041273, best pos: [-286.36769099 -129.68317658 -292.57239479 -298.2889209   404.97384575
 -146.51244221 -116.78156166  176.13203674  410.42569836  397.97113709
  197.87792779  -38.39732803 -106.06555855  420.82450403 -241.6341872
 -133.61261731  245.54121419  431.21880345 -116.91967145  223.11922543]
2024-12-06 20:25:07,495 - pyswarms.single.global_best - INFO - Optimize for 200 iters with {'c1': 0.5, 'c2': 0.5, 'w': 0.7}
2024-12-06 20:25:07,711 - pyswarms.single.global_best - INFO - Optimization finished | best cost: 15.266478524976952, best pos: [ 3.48154259  1.28248338  0.78748629  0.61640636  0.01065773  0.19325513
 -0.18132525  0.25639558  0.43465439 -0.40354334  0.09290367  0.36027361
  0.44072136  0.45799843  0.40102612  0.46246102  0.35319538 -0.0775876
  0.29641095  0.45906094]
2024-12-06 20:25:07,714 - pyswarms.single.global_best - INFO - Optimize for 250 iters with {'c1': 0.5, 'c2': 0.5, 'w': 0.9}
2024-12-06 20:25:08,407 - pyswarms.single.global_best - INFO - Optimization finished | best cost: 4593.790093610954, best pos: [-125.17551747 -341.88001945  418.47300504 -112.98159603  -31.34249431
  190.39595439   27.98939583  167.48836935  439.51419602  186.28834457
  410.97394545 -323.96418336  411.30116483   17.82986977  405.5211473
 -123.12423271 -280.42773902   12.85942789  183.71478118  393.64289466]
2024-12-06 20:25:21,014 - pyswarms.single.global_best - INFO - Optimize for 100 iters with {'c1': 0.5, 'c2': 0.5, 'w': 0.7}
2024-12-06 20:25:21,127 - pyswarms.single.global_best - INFO - Optimization finished | best cost: 14.131137031994012, best pos: [ 1.22504506  1.00455573 -0.62534162  0.34570569  0.04612194  0.09053821
  0.39794044  0.58060068  0.54870987 -0.37618798 -0.02632896  0.23710575
  0.43094623 -0.35054801  0.11862142 -0.20827032  0.26987123  0.32582604
 -0.36788833 -0.07286466]
2024-12-06 20:25:21,131 - pyswarms.single.global_best - INFO - Optimize for 250 iters with {'c1': 0.5, 'c2': 0.5, 'w': 0.9}
2024-12-06 20:25:21,825 - pyswarms.single.global_best - INFO - Optimization finished | best cost: 4870.897821019366, best pos: [-301.5149175   193.75325601  426.2693516   201.12122715  400.70436566
  196.87111447  204.88930512 -140.17010714  475.24999324 -140.75251915
 -131.07180314   14.99713424 -117.96749476 -340.06835909 -127.43374385
  110.81304584  428.94436404  -94.49689063  430.31557775 -267.86030684]
2024-12-06 20:25:23,251 - pyswarms.single.global_best - INFO - Optimize for 100 iters with {'c1': 0.5, 'c2': 0.5, 'w': 0.7}
2024-12-06 20:25:23,360 - pyswarms.single.global_best - INFO - Optimization finished | best cost: 5.754905359036131, best pos: [-0.20609032  0.43430649  0.40120065 -0.35022007 -0.10417461 -0.10579213
  0.07749347  0.2012365   0.40684539  0.48970177  0.50096058 -0.28861115
 -0.06270107 -0.0201328  -0.14308248  0.08034254  0.11637982  0.18333249
  0.23714804  0.31416195]
2024-12-06 20:25:23,364 - pyswarms.single.global_best - INFO - Optimize for 250 iters with {'c1': 0.5, 'c2': 0.5, 'w': 0.9}
2024-12-06 20:25:24,058 - pyswarms.single.global_best - INFO - Optimization finished | best cost: 5194.570324908376, best pos: [ 446.94847946 -344.21244417  396.86097369   88.930295   -118.87796727
 -284.96283004  202.77131041 -121.09315057 -324.96027754 -126.68671153
 -128.42075329  241.22174559 -130.24698114  191.40376551  419.98210795
 -120.12066199  229.34639356   97.28533421 -283.88204669  -24.01032976]
2024-12-06 20:25:26,795 - pyswarms.single.global_best - INFO - Optimize for 100 iters with {'c1': 0.5, 'c2': 0.5, 'w': 0.7}
2024-12-06 20:25:26,914 - pyswarms.single.global_best - INFO - Optimization finished | best cost: 10.145266811585659, best pos: [ 1.2312423  -0.70503838  0.23780302  0.64019981  0.67995191  0.60847268
  0.6469197   0.58052616  0.55300699  0.48999409 -0.341514    0.01809396
  0.1481385   0.3748435   0.52090927  0.55461037  0.50222384 -0.47171477
  0.06534353 -0.20262751]
2024-12-06 20:25:26,918 - pyswarms.single.global_best - INFO - Optimize for 250 iters with {'c1': 0.5, 'c2': 0.5, 'w': 0.9}
2024-12-06 20:25:27,615 - pyswarms.single.global_best - INFO - Optimization finished | best cost: 5006.478767291722, best pos: [ 397.10903455  408.94975555 -127.51068595   42.56076882   77.51985686
  445.66149549 -133.71291832 -255.73550746  410.97671662  132.31050953
  409.97279482 -292.59352513 -495.00419413 -161.67818037 -138.05334327
  208.73839128 -149.10824103  -99.52735445 -306.99898656 -267.56462874]
2024-12-06 20:25:35,826 - pyswarms.single.global_best - INFO - Optimize for 100 iters with {'c1': 0.5, 'c2': 0.5, 'w': 0.7}
2024-12-06 20:25:35,935 - pyswarms.single.global_best - INFO - Optimization finished | best cost: 14.751112885330222, best pos: [ 2.48377755 -0.9946919  -0.22738401  0.21166823 -0.22220206 -0.19483646
  0.2400453   0.65403855  0.59572794  0.47064377  0.490555   -0.37573744
  0.00285702  0.19747956  0.26521907  0.41750238 -0.41347856  0.04192345
 -0.08547777  0.06395646]
2024-12-06 20:25:35,939 - pyswarms.single.global_best - INFO - Optimize for 100 iters with {'c1': 0.5, 'c2': 0.5, 'w': 0.9}
2024-12-06 20:25:36,220 - pyswarms.single.global_best - INFO - Optimization finished | best cost: 4802.3702185272305, best pos: [-270.64442617  429.06130997 -280.30100467  197.34354188  422.43890232
  167.12325058  219.10951038 -132.26010036 -274.09670094 -192.56511431
 -267.46961191  460.92553978   54.89864543  415.8179049  -139.67268466
 -320.97978371 -315.50857435  -95.44696071 -142.47916909  214.6703718 ]
2024-12-06 20:25:41,869 - pyswarms.single.global_best - INFO - Optimize for 100 iters with {'c1': 0.5, 'c2': 0.5, 'w': 0.7}
2024-12-06 20:25:41,985 - pyswarms.single.global_best - INFO - Optimization finished | best cost: 55.203975883141446, best pos: [ 4.49989446 -1.62918514  0.41306576  0.86827327 -0.54109056  0.56359709
  0.71755706  0.7390658  -0.45658732 -0.16761599 -0.15880074 -0.42134881
  0.13913291  0.35922688  0.59666537 -0.35125777  0.0054894  -0.34262686
 -0.18311249 -0.30818349]
2024-12-06 20:25:41,988 - pyswarms.single.global_best - INFO - Optimize for 100 iters with {'c1': 0.5, 'c2': 0.5, 'w': 0.9}
2024-12-06 20:25:42,272 - pyswarms.single.global_best - INFO - Optimization finished | best cost: 4459.120065709335, best pos: [ 204.39637387  392.95915063 -307.30312453 -132.35607308  257.6061189
 -300.15594248 -317.48187277  120.46694727 -300.64258675 -290.38517739
  431.16868967 -299.07103362  -80.31131667   57.68451136 -307.5497869
  255.12533329 -255.33316939  397.85385472  403.57931203  389.8884327 ]
2024-12-06 20:25:56,099 - pyswarms.single.global_best - INFO - Optimize for 100 iters with {'c1': 0.5, 'c2': 0.5, 'w': 0.7}
2024-12-06 20:25:56,221 - pyswarms.single.global_best - INFO - Optimization finished | best cost: 358.71243320407973, best pos: [-0.8296836   1.81153753  1.23872695 -0.58740042  0.18005248  0.46353525
  0.77596687 -0.72839173  0.81548959  1.10872294 -1.1943993  -0.4732308
 -0.38509072  0.5033543   0.40102537  0.86534471  0.37651886  0.78152709
 -0.74647289 -0.93132852]
2024-12-06 20:25:56,225 - pyswarms.single.global_best - INFO - Optimize for 100 iters with {'c1': 0.5, 'c2': 0.5, 'w': 0.9}
2024-12-06 20:25:56,520 - pyswarms.single.global_best - INFO - Optimization finished | best cost: 5488.536554081133, best pos: [ 436.98023154    2.64256511  -83.85701797  382.43499869   91.83291404
 -114.69464968   33.93475066  438.14765255 -300.56065095 -230.89126023
  440.64337213   -3.67825871   20.23748318  413.97291376   42.59386391
 -315.63453674  163.39715796  399.30869913  -77.16013368  383.54211899]
2024-12-06 20:26:02,605 - pyswarms.single.global_best - INFO - Optimize for 100 iters with {'c1': 0.5, 'c2': 0.5, 'w': 0.7}
2024-12-06 20:26:02,716 - pyswarms.single.global_best - INFO - Optimization finished | best cost: 2.9714588871256473, best pos: [ 1.00056496e+00  8.50849793e-01  6.35190939e-01  4.93890414e-01
  3.89567479e-01 -3.47851448e-01  9.98306135e-02  1.12832072e-01
  1.87905650e-01  3.23778213e-01  3.43369593e-01  2.94382795e-01
 -2.18397327e-01 -6.95196502e-04 -5.21627617e-02  1.57614724e-02
  4.48041960e-02  3.86426500e-02  1.71595367e-01  3.09500663e-01]
2024-12-06 20:26:02,720 - pyswarms.single.global_best - INFO - Optimize for 100 iters with {'c1': 0.5, 'c2': 0.5, 'w': 0.9}
2024-12-06 20:26:02,998 - pyswarms.single.global_best - INFO - Optimization finished | best cost: 4430.893971362497, best pos: [-284.12817438 -323.41664639  193.20009302  175.22194199  469.05504754
  408.99556319  -15.7373234   395.34807124  420.23366194  -39.05695749
  160.9778901   176.45080659  389.82254042 -314.43508335  406.96156706
 -128.03332321 -152.60758015  426.78205583  154.59527191  375.21763643]
2024-12-06 20:26:04,273 - pyswarms.single.global_best - INFO - Optimize for 100 iters with {'c1': 0.5, 'c2': 0.5, 'w': 0.7}
2024-12-06 20:26:04,391 - pyswarms.single.global_best - INFO - Optimization finished | best cost: 6.472247913527353, best pos: [ 0.34321006 -0.35950189  0.05381806  0.30033624  0.28176993  0.06949955
  0.14662607  0.38479731 -0.33799403  0.00148828  0.0504826  -0.04769713
  0.29969487  0.46839656  0.4979741   0.45959355 -0.36460055  0.01488778
 -0.0066122  -0.11876085]
2024-12-06 20:26:04,394 - pyswarms.single.global_best - INFO - Optimize for 100 iters with {'c1': 0.5, 'c2': 0.5, 'w': 0.9}
2024-12-06 20:26:04,676 - pyswarms.single.global_best - INFO - Optimization finished | best cost: 4476.5897079023325, best pos: [-312.1352093   458.1921377   195.68673094  -21.59945834  225.80208563
  152.3860085   417.70633253  -47.0977233   199.23675334 -300.06376941
 -295.08660059  464.2650777   444.9701029   449.97830808  -50.01235671
   53.10767462 -333.36917889  437.7280946   210.75499438 -281.29143931]
